<?xml version="1.0" encoding="UTF-8"?>
<testsuite name="com.sivakov.service.CompanyServiceApplicationTests" tests="2" skipped="0" failures="0" errors="0" timestamp="2020-08-19T13:32:45" hostname="RS1MCL-C17ZMG8GMD6M" time="0.146">
  <properties/>
  <testcase name="testGetCompanyByIndustryId" classname="com.sivakov.service.CompanyServiceApplicationTests" time="0.135"/>
  <testcase name="testGetCompany" classname="com.sivakov.service.CompanyServiceApplicationTests" time="0.01"/>
  <system-out><![CDATA[15:32:38.253 [Test worker] DEBUG org.springframework.test.context.junit4.SpringJUnit4ClassRunner - SpringJUnit4ClassRunner constructor called with [class com.sivakov.service.CompanyServiceApplicationTests]
15:32:38.261 [Test worker] DEBUG org.springframework.test.context.BootstrapUtils - Instantiating CacheAwareContextLoaderDelegate from class [org.springframework.test.context.cache.DefaultCacheAwareContextLoaderDelegate]
15:32:38.267 [Test worker] DEBUG org.springframework.test.context.BootstrapUtils - Instantiating BootstrapContext using constructor [public org.springframework.test.context.support.DefaultBootstrapContext(java.lang.Class,org.springframework.test.context.CacheAwareContextLoaderDelegate)]
15:32:38.286 [Test worker] DEBUG org.springframework.test.context.BootstrapUtils - Instantiating TestContextBootstrapper for test class [com.sivakov.service.CompanyServiceApplicationTests] from class [org.springframework.boot.test.context.SpringBootTestContextBootstrapper]
15:32:38.293 [Test worker] INFO org.springframework.boot.test.context.SpringBootTestContextBootstrapper - Neither @ContextConfiguration nor @ContextHierarchy found for test class [com.sivakov.service.CompanyServiceApplicationTests], using SpringBootContextLoader
15:32:38.296 [Test worker] DEBUG org.springframework.test.context.support.AbstractContextLoader - Did not detect default resource location for test class [com.sivakov.service.CompanyServiceApplicationTests]: class path resource [com/sivakov/service/CompanyServiceApplicationTests-context.xml] does not exist
15:32:38.297 [Test worker] DEBUG org.springframework.test.context.support.AbstractContextLoader - Did not detect default resource location for test class [com.sivakov.service.CompanyServiceApplicationTests]: class path resource [com/sivakov/service/CompanyServiceApplicationTestsContext.groovy] does not exist
15:32:38.297 [Test worker] INFO org.springframework.test.context.support.AbstractContextLoader - Could not detect default resource locations for test class [com.sivakov.service.CompanyServiceApplicationTests]: no resource found for suffixes {-context.xml, Context.groovy}.
15:32:38.429 [Test worker] DEBUG org.springframework.boot.test.context.SpringBootTestContextBootstrapper - @TestExecutionListeners is not present for class [com.sivakov.service.CompanyServiceApplicationTests]: using defaults.
15:32:38.430 [Test worker] INFO org.springframework.boot.test.context.SpringBootTestContextBootstrapper - Loaded default TestExecutionListener class names from location [META-INF/spring.factories]: [org.springframework.boot.test.autoconfigure.restdocs.RestDocsTestExecutionListener, org.springframework.boot.test.autoconfigure.web.client.MockRestServiceServerResetTestExecutionListener, org.springframework.boot.test.autoconfigure.web.servlet.MockMvcPrintOnlyOnFailureTestExecutionListener, org.springframework.boot.test.autoconfigure.web.servlet.WebDriverTestExecutionListener, org.springframework.boot.test.mock.mockito.MockitoTestExecutionListener, org.springframework.boot.test.mock.mockito.ResetMocksTestExecutionListener, org.springframework.test.context.web.ServletTestExecutionListener, org.springframework.test.context.support.DirtiesContextBeforeModesTestExecutionListener, org.springframework.test.context.support.DependencyInjectionTestExecutionListener, org.springframework.test.context.support.DirtiesContextTestExecutionListener, org.springframework.test.context.transaction.TransactionalTestExecutionListener, org.springframework.test.context.jdbc.SqlScriptsTestExecutionListener]
15:32:38.441 [Test worker] INFO org.springframework.boot.test.context.SpringBootTestContextBootstrapper - Using TestExecutionListeners: [org.springframework.test.context.web.ServletTestExecutionListener@1ae8f27c, org.springframework.test.context.support.DirtiesContextBeforeModesTestExecutionListener@164c57a1, org.springframework.boot.test.mock.mockito.MockitoTestExecutionListener@c28d879, org.springframework.boot.test.autoconfigure.SpringBootDependencyInjectionTestExecutionListener@34f54112, org.springframework.test.context.support.DirtiesContextTestExecutionListener@69533ee2, org.springframework.test.context.transaction.TransactionalTestExecutionListener@1dd69d36, org.springframework.test.context.jdbc.SqlScriptsTestExecutionListener@57f765e5, org.springframework.boot.test.autoconfigure.restdocs.RestDocsTestExecutionListener@491453d8, org.springframework.boot.test.autoconfigure.web.client.MockRestServiceServerResetTestExecutionListener@3940c036, org.springframework.boot.test.autoconfigure.web.servlet.MockMvcPrintOnlyOnFailureTestExecutionListener@10d6d505, org.springframework.boot.test.autoconfigure.web.servlet.WebDriverTestExecutionListener@7c6252b7, org.springframework.boot.test.mock.mockito.ResetMocksTestExecutionListener@17835470]
15:32:38.444 [Test worker] DEBUG org.springframework.test.annotation.ProfileValueUtils - Retrieved @ProfileValueSourceConfiguration [null] for test class [com.sivakov.service.CompanyServiceApplicationTests]
15:32:38.444 [Test worker] DEBUG org.springframework.test.annotation.ProfileValueUtils - Retrieved ProfileValueSource type [class org.springframework.test.annotation.SystemProfileValueSource] for class [com.sivakov.service.CompanyServiceApplicationTests]
15:32:38.444 [Test worker] DEBUG org.springframework.test.annotation.ProfileValueUtils - Retrieved @ProfileValueSourceConfiguration [null] for test class [com.sivakov.service.CompanyServiceApplicationTests]
15:32:38.444 [Test worker] DEBUG org.springframework.test.annotation.ProfileValueUtils - Retrieved ProfileValueSource type [class org.springframework.test.annotation.SystemProfileValueSource] for class [com.sivakov.service.CompanyServiceApplicationTests]
15:32:38.449 [Test worker] DEBUG org.springframework.test.context.support.AbstractDirtiesContextTestExecutionListener - Before test class: context [DefaultTestContext@7a39bd33 testClass = CompanyServiceApplicationTests, testInstance = [null], testMethod = [null], testException = [null], mergedContextConfiguration = [WebMergedContextConfiguration@d8995f1 testClass = CompanyServiceApplicationTests, locations = '{}', classes = '{class com.sivakov.Application, class com.sivakov.Application}', contextInitializerClasses = '[]', activeProfiles = '{test}', propertySourceLocations = '{}', propertySourceProperties = '{org.springframework.boot.test.context.SpringBootTestContextBootstrapper=true}', contextCustomizers = set[org.springframework.boot.test.autoconfigure.properties.PropertyMappingContextCustomizer@e7e8512, org.springframework.boot.test.autoconfigure.web.servlet.WebDriverContextCustomizerFactory$Customizer@288bf128, [ImportsContextCustomizer@16b9970 key = [org.springframework.boot.test.autoconfigure.web.servlet.MockMvcAutoConfiguration, org.springframework.boot.test.autoconfigure.web.servlet.MockMvcSecurityAutoConfiguration, org.springframework.boot.test.autoconfigure.web.servlet.MockMvcWebClientAutoConfiguration, org.springframework.boot.test.autoconfigure.web.servlet.MockMvcWebDriverAutoConfiguration]], org.springframework.boot.test.context.filter.ExcludeFilterContextCustomizer@6dea71da, org.springframework.boot.test.json.DuplicateJsonObjectContextCustomizerFactory$DuplicateJsonObjectContextCustomizer@5cfdaa5e, org.springframework.boot.test.mock.mockito.MockitoContextCustomizer@48ded659, org.springframework.boot.test.web.client.TestRestTemplateContextCustomizer@32b595df], resourceBasePath = 'src/main/webapp', contextLoader = 'org.springframework.boot.test.context.SpringBootContextLoader', parent = [null]], attributes = map['org.springframework.test.context.web.ServletTestExecutionListener.activateListener' -> true]], class annotated with @DirtiesContext [false] with mode [null].
15:32:38.449 [Test worker] DEBUG org.springframework.test.annotation.ProfileValueUtils - Retrieved @ProfileValueSourceConfiguration [null] for test class [com.sivakov.service.CompanyServiceApplicationTests]
15:32:38.449 [Test worker] DEBUG org.springframework.test.annotation.ProfileValueUtils - Retrieved ProfileValueSource type [class org.springframework.test.annotation.SystemProfileValueSource] for class [com.sivakov.service.CompanyServiceApplicationTests]
15:32:38.472 [Test worker] DEBUG org.springframework.test.context.support.TestPropertySourceUtils - Adding inlined properties to environment: {spring.jmx.enabled=false, org.springframework.boot.test.context.SpringBootTestContextBootstrapper=true, server.port=-1}

  .   ____          _            __ _ _
 /\\ / ___'_ __ _ _(_)_ __  __ _ \ \ \ \
( ( )\___ | '_ | '_| | '_ \/ _` | \ \ \ \
 \\/  ___)| |_)| | | | | || (_| |  ) ) ) )
  '  |____| .__|_| |_|_| |_\__, | / / / /
 =========|_|==============|___/=/_/_/_/
 :: Spring Boot ::        (v2.1.5.RELEASE)

2020-08-19 15:32:41.321  INFO 86998 --- [    Test worker] c.s.s.CompanyServiceApplicationTests     : Starting CompanyServiceApplicationTests on RS1MCL-C17ZMG8GMD6M with PID 86998 (started by basic in /Users/basic/GIT/awesome-spring-boot-rest-api)
2020-08-19 15:32:41.322  INFO 86998 --- [    Test worker] c.s.s.CompanyServiceApplicationTests     : The following profiles are active: test
2020-08-19 15:32:42.080  INFO 86998 --- [    Test worker] .s.d.r.c.RepositoryConfigurationDelegate : Bootstrapping Spring Data repositories in DEFAULT mode.
2020-08-19 15:32:42.131  INFO 86998 --- [    Test worker] .s.d.r.c.RepositoryConfigurationDelegate : Finished Spring Data repository scanning in 45ms. Found 1 repository interfaces.
2020-08-19 15:32:42.858  INFO 86998 --- [    Test worker] trationDelegate$BeanPostProcessorChecker : Bean 'org.springframework.transaction.annotation.ProxyTransactionManagementConfiguration' of type [org.springframework.transaction.annotation.ProxyTransactionManagementConfiguration$$EnhancerBySpringCGLIB$$f7dac7ba] is not eligible for getting processed by all BeanPostProcessors (for example: not eligible for auto-proxying)
2020-08-19 15:32:42.891  INFO 86998 --- [    Test worker] trationDelegate$BeanPostProcessorChecker : Bean 'org.springframework.hateoas.config.HateoasConfiguration' of type [org.springframework.hateoas.config.HateoasConfiguration$$EnhancerBySpringCGLIB$$775b14ec] is not eligible for getting processed by all BeanPostProcessors (for example: not eligible for auto-proxying)
2020-08-19 15:32:43.057  INFO 86998 --- [    Test worker] com.zaxxer.hikari.HikariDataSource       : HikariPool-1 - Starting...
2020-08-19 15:32:43.205  INFO 86998 --- [    Test worker] com.zaxxer.hikari.HikariDataSource       : HikariPool-1 - Start completed.
2020-08-19 15:32:43.288  INFO 86998 --- [    Test worker] o.hibernate.jpa.internal.util.LogHelper  : HHH000204: Processing PersistenceUnitInfo [
	name: default
	...]
2020-08-19 15:32:43.353  INFO 86998 --- [    Test worker] org.hibernate.Version                    : HHH000412: Hibernate Core {5.3.10.Final}
2020-08-19 15:32:43.355  INFO 86998 --- [    Test worker] org.hibernate.cfg.Environment            : HHH000206: hibernate.properties not found
2020-08-19 15:32:43.398  INFO 86998 --- [    Test worker] o.hibernate.annotations.common.Version   : HCANN000001: Hibernate Commons Annotations {5.0.4.Final}
2020-08-19 15:32:43.542  INFO 86998 --- [    Test worker] org.hibernate.dialect.Dialect            : HHH000400: Using dialect: org.hibernate.dialect.H2Dialect
Hibernate: drop table company if exists
Hibernate: drop table company_industry if exists
Hibernate: drop table employee if exists
Hibernate: drop table industry if exists
Hibernate: drop table owner if exists
Hibernate: drop sequence if exists uuid
Hibernate: create sequence uuid start with 1 increment by 1
Hibernate: create table company (id binary not null, address varchar(255) not null, city varchar(255) not null, country varchar(255) not null, email varchar(255), name varchar(255) not null, phone_number varchar(255), primary key (id))
Hibernate: create table company_industry (company_id binary not null, industry_id bigint not null, primary key (company_id, industry_id))
Hibernate: create table employee (id binary not null, name varchar(255), employee_id binary, primary key (id))
Hibernate: create table industry (id bigint not null, description varchar(255), name varchar(255) not null, primary key (id))
Hibernate: create table owner (id binary not null, name varchar(255), owner_id binary, primary key (id))
Hibernate: alter table company_industry add constraint FKhoikjlw1sw6ivmdkdrgnsish2 foreign key (industry_id) references industry
Hibernate: alter table company_industry add constraint FK69sp1ydl80n2y6w177wpm9xx9 foreign key (company_id) references company
Hibernate: alter table employee add constraint FKoen96i1pplqycifvllbmvkip9 foreign key (employee_id) references company
Hibernate: alter table owner add constraint FK155dgu7554gcrhfb495aju7p6 foreign key (owner_id) references company
2020-08-19 15:32:44.111  INFO 86998 --- [    Test worker] o.h.t.schema.internal.SchemaCreatorImpl  : HHH000476: Executing import script 'org.hibernate.tool.schema.internal.exec.ScriptSourceInputNonExistentImpl@327a7224'
2020-08-19 15:32:44.114  INFO 86998 --- [    Test worker] j.LocalContainerEntityManagerFactoryBean : Initialized JPA EntityManagerFactory for persistence unit 'default'
2020-08-19 15:32:44.519  WARN 86998 --- [    Test worker] aWebConfiguration$JpaWebMvcConfiguration : spring.jpa.open-in-view is enabled by default. Therefore, database queries may be performed during view rendering. Explicitly configure spring.jpa.open-in-view to disable this warning
2020-08-19 15:32:44.881  INFO 86998 --- [    Test worker] pertySourcedRequestMappingHandlerMapping : Mapped URL path [/v2/api-docs] onto method [public org.springframework.http.ResponseEntity<springfox.documentation.spring.web.json.Json> springfox.documentation.swagger2.web.Swagger2Controller.getDocumentation(java.lang.String,javax.servlet.http.HttpServletRequest)]
2020-08-19 15:32:45.171  INFO 86998 --- [    Test worker] o.s.s.concurrent.ThreadPoolTaskExecutor  : Initializing ExecutorService 'applicationTaskExecutor'
2020-08-19 15:32:45.282  INFO 86998 --- [    Test worker] o.s.b.a.w.s.WelcomePageHandlerMapping    : Adding welcome page: ServletContext resource [/index.html]
2020-08-19 15:32:45.479  INFO 86998 --- [    Test worker] o.s.b.t.m.w.SpringBootMockServletContext : Initializing Spring TestDispatcherServlet ''
2020-08-19 15:32:45.479  INFO 86998 --- [    Test worker] o.s.t.web.servlet.TestDispatcherServlet  : Initializing Servlet ''
2020-08-19 15:32:45.489  INFO 86998 --- [    Test worker] o.s.t.web.servlet.TestDispatcherServlet  : Completed initialization in 10 ms
2020-08-19 15:32:45.505  INFO 86998 --- [    Test worker] d.s.w.p.DocumentationPluginsBootstrapper : Context refreshed
2020-08-19 15:32:45.521  INFO 86998 --- [    Test worker] d.s.w.p.DocumentationPluginsBootstrapper : Found 1 custom documentation plugin(s)
2020-08-19 15:32:45.547  INFO 86998 --- [    Test worker] s.d.s.w.s.ApiListingReferenceScanner     : Scanning for api listing references
2020-08-19 15:32:45.729  INFO 86998 --- [    Test worker] c.s.s.CompanyServiceApplicationTests     : Started CompanyServiceApplicationTests in 7.249 seconds (JVM running for 8.076)
[Company{id=bcc2c26a-51f3-4e93-acf7-af4af6525154, name='Test Company', address='null', city='null', country='null', email='null', phoneNumber='null', employees=[], owner=null, industries=[Industry{id=2, name='Travel', description='null', companies=[]}, Industry{id=1, name='Marketing', description='null', companies=[]}]}]

MockHttpServletRequest:
      HTTP Method = GET
      Request URI = /companies/findBy
       Parameters = {industryId=[1]}
          Headers = []
             Body = null
    Session Attrs = {}

Handler:
             Type = com.sivakov.controller.CompanyController
           Method = public java.util.List<com.sivakov.model.Company> com.sivakov.controller.CompanyController.getCompaniesByIndustry(java.lang.Long)

Async:
    Async started = false
     Async result = null

Resolved Exception:
             Type = null

ModelAndView:
        View name = null
             View = null
            Model = null

FlashMap:
       Attributes = null

MockHttpServletResponse:
           Status = 200
    Error message = null
          Headers = [Content-Type:"application/json;charset=UTF-8"]
     Content type = application/json;charset=UTF-8
             Body = []
    Forwarded URL = null
   Redirected URL = null
          Cookies = []
]]></system-out>
  <system-err><![CDATA[]]></system-err>
</testsuite>
